<?xml version="1.0" encoding="UTF-8"?>
<testng-results skipped="0" failed="0" ignored="0" total="1" passed="1">
  <reporter-output>
  </reporter-output>
  <suite name="Suite" duration-ms="31900" started-at="2020-05-03T20:25:26Z" finished-at="2020-05-03T20:25:58Z">
    <groups>
      <group name="cucumber">
        <method signature="AbstractTestNGCucumberTests.feature(cucumber.api.testng.CucumberFeatureWrapper)[pri:0, instance:com.usa.Myrunner.Zooplarunner@731a74c]" name="feature" class="cucumber.api.testng.AbstractTestNGCucumberTests"/>
      </group> <!-- cucumber -->
    </groups>
    <test name="Test" duration-ms="31900" started-at="2020-05-03T20:25:26Z" finished-at="2020-05-03T20:25:58Z">
      <class name="com.usa.Myrunner.Zooplarunner">
        <test-method status="PASS" signature="setUpClass()[pri:0, instance:com.usa.Myrunner.Zooplarunner@731a74c]" name="setUpClass" is-config="true" duration-ms="630" started-at="2020-05-03T20:25:26Z" finished-at="2020-05-03T20:25:27Z">
          <reporter-output>
          </reporter-output>
        </test-method> <!-- setUpClass -->
        <test-method status="PASS" signature="feature(cucumber.api.testng.CucumberFeatureWrapper)[pri:0, instance:com.usa.Myrunner.Zooplarunner@731a74c]" name="feature" duration-ms="31027" started-at="2020-05-03T20:25:27Z" description="Runs Cucumber Feature" data-provider="features" finished-at="2020-05-03T20:25:58Z">
          <params>
            <param index="0">
              <value>
                <![CDATA[Findout thard property.]]>
              </value>
            </param>
          </params>
          <reporter-output>
          </reporter-output>
        </test-method> <!-- feature -->
        <test-method status="PASS" signature="tearDownClass()[pri:0, instance:com.usa.Myrunner.Zooplarunner@731a74c]" name="tearDownClass" is-config="true" duration-ms="111" started-at="2020-05-03T20:25:58Z" finished-at="2020-05-03T20:25:58Z">
          <reporter-output>
          </reporter-output>
        </test-method> <!-- tearDownClass -->
      </class> <!-- com.usa.Myrunner.Zooplarunner -->
    </test> <!-- Test -->
  </suite> <!-- Suite -->
</testng-results>
